<?xml version="1.0" encoding="UTF-8"?>
<testng-results skipped="0" failed="0" ignored="0" total="3" passed="3">
  <reporter-output>
  </reporter-output>
  <suite name="Suite" duration-ms="537195" started-at="2018-05-29T10:33:48Z" finished-at="2018-05-29T10:42:46Z">
    <groups>
    </groups>
    <test name="IE_Test_cases" duration-ms="63264" started-at="2018-05-29T10:33:48Z" finished-at="2018-05-29T10:34:52Z">
      <class name="crossBrowser.verifyTitle">
        <test-method status="PASS" signature="verifyPageTitle(java.lang.String)[pri:0, instance:crossBrowser.verifyTitle@42607a4f]" name="verifyPageTitle" duration-ms="62917" started-at="2018-05-29T10:33:49Z" finished-at="2018-05-29T10:34:52Z">
          <params>
            <param index="0">
              <value>
                <![CDATA[ie]]>
              </value>
            </param>
          </params>
          <reporter-output>
          </reporter-output>
        </test-method> <!-- verifyPageTitle -->
      </class> <!-- crossBrowser.verifyTitle -->
    </test> <!-- IE_Test_cases -->
    <test name="Chrome_Test_Cases" duration-ms="264131" started-at="2018-05-29T10:33:48Z" finished-at="2018-05-29T10:38:12Z">
      <class name="crossBrowser.verifyTitle">
        <test-method status="PASS" signature="verifyPageTitle(java.lang.String)[pri:0, instance:crossBrowser.verifyTitle@757942a1]" name="verifyPageTitle" duration-ms="263774" started-at="2018-05-29T10:33:49Z" finished-at="2018-05-29T10:38:12Z">
          <params>
            <param index="0">
              <value>
                <![CDATA[chrome]]>
              </value>
            </param>
          </params>
          <reporter-output>
          </reporter-output>
        </test-method> <!-- verifyPageTitle -->
      </class> <!-- crossBrowser.verifyTitle -->
    </test> <!-- Chrome_Test_Cases -->
    <test name="FireFox_Test_cases" duration-ms="537195" started-at="2018-05-29T10:33:48Z" finished-at="2018-05-29T10:42:46Z">
      <class name="crossBrowser.verifyTitle">
        <test-method status="PASS" signature="verifyPageTitle(java.lang.String)[pri:0, instance:crossBrowser.verifyTitle@396e2f39]" name="verifyPageTitle" duration-ms="536908" started-at="2018-05-29T10:33:49Z" finished-at="2018-05-29T10:42:46Z">
          <params>
            <param index="0">
              <value>
                <![CDATA[firefox]]>
              </value>
            </param>
          </params>
          <reporter-output>
          </reporter-output>
        </test-method> <!-- verifyPageTitle -->
      </class> <!-- crossBrowser.verifyTitle -->
    </test> <!-- FireFox_Test_cases -->
  </suite> <!-- Suite -->
</testng-results>
