<?xml version="1.0" encoding="UTF-8"?>
<!-- Generated by org.testng.reporters.JUnitXMLReporter -->
<testsuite hostname="home" ignored="0" name="Testu" tests="2" failures="1" timestamp="21 May 2018 07:04:56 GMT" time="12.774" errors="0">
  <testcase name="googleTitleVerify" time="12.606" classname="listenerDemo.TestCaseSuitLevel"/>
  <testcase name="titleMatch" time="0.032" classname="listenerDemo.TestCaseSuitLevel">
    <failure type="java.lang.AssertionError" message="expected [true] but found [false]">
      <![CDATA[java.lang.AssertionError: expected [true] but found [false]
at listenerDemo.TestCaseSuitLevel.titleMatch(TestCaseSuitLevel.java:26)
... Removed 29 stack frames]]>
    </failure>
  </testcase> <!-- titleMatch -->
</testsuite> <!-- Testu -->
